0 info it worked if it ends with ok
1 verbose cli [ 'node', '/usr/local/bin/npm', 'install', 'mongodb' ]
2 info using npm@2.0.2
3 info using node@v0.10.32
4 verbose node symlink /usr/local/bin/node
5 verbose config Skipping project config: /Users/chadsfather/.npmrc. (matches userconfig)
6 verbose cache add [ 'mongodb', null ]
7 verbose cache add spec="mongodb" args=["mongodb",null]
8 verbose parsed spec { raw: 'mongodb',
8 verbose parsed spec   scope: null,
8 verbose parsed spec   name: 'mongodb',
8 verbose parsed spec   rawSpec: '',
8 verbose parsed spec   spec: '*',
8 verbose parsed spec   type: 'range' }
9 verbose parsed spec { raw: 'mongodb',
9 verbose parsed spec   scope: null,
9 verbose parsed spec   name: 'mongodb',
9 verbose parsed spec   rawSpec: '',
9 verbose parsed spec   spec: '*',
9 verbose parsed spec   type: 'range' }
10 verbose addNamed [ 'mongodb', '*' ]
11 verbose addNamed [ null, '*' ]
12 silly lockFile 842f93d5-mongodb mongodb@*
13 verbose lock mongodb@* /Users/chadsfather/.npm/842f93d5-mongodb.lock
14 silly addNameRange { name: 'mongodb', range: '*', hasData: false }
15 verbose mapToRegistry name mongodb
16 verbose mapToRegistry uri https://registry.npmjs.org/mongodb
17 verbose request on initialization, where is /mongodb
18 verbose request after pass 1, where is /mongodb
19 verbose request url raw /mongodb
20 verbose request resolving registry [ 'https://registry.npmjs.org/', './mongodb' ]
21 verbose request after pass 2, where is https://registry.npmjs.org/mongodb
22 verbose request no auth needed
23 info attempt registry request try #1 at 22:24:53
24 verbose request id e9381ddd24d54e82
25 verbose etag "7K4C2XS8X175D8ECW8JP6ZMX3"
26 http request GET https://registry.npmjs.org/mongodb
27 http 200 https://registry.npmjs.org/mongodb
28 silly registry.get cb [ 200,
28 silly registry.get   { date: 'Sat, 21 Mar 2015 21:24:54 GMT',
28 silly registry.get     server: 'CouchDB/1.5.0 (Erlang OTP/R16B03)',
28 silly registry.get     etag: '"2YSVWYH8DIXQNO7GOGNHM9TEH"',
28 silly registry.get     'content-type': 'application/json',
28 silly registry.get     'cache-control': 'max-age=60',
28 silly registry.get     'content-length': '443364',
28 silly registry.get     'accept-ranges': 'bytes',
28 silly registry.get     via: '1.1 varnish',
28 silly registry.get     age: '30',
28 silly registry.get     'x-served-by': 'cache-fra1231-FRA',
28 silly registry.get     'x-cache': 'HIT',
28 silly registry.get     'x-cache-hits': '1',
28 silly registry.get     'x-timer': 'S1426973094.719772,VS0,VE3',
28 silly registry.get     vary: 'Accept',
28 silly registry.get     'keep-alive': 'timeout=10, max=50',
28 silly registry.get     connection: 'Keep-Alive' } ]
29 silly addNameRange number 2 { name: 'mongodb', range: '*', hasData: true }
30 silly addNameRange versions [ 'mongodb',
30 silly addNameRange   [ '0.9.4',
30 silly addNameRange     '0.9.4-4',
30 silly addNameRange     '0.9.3',
30 silly addNameRange     '0.9.1',
30 silly addNameRange     '0.9.2',
30 silly addNameRange     '0.9.6-7',
30 silly addNameRange     '0.9.6-8',
30 silly addNameRange     '0.9.6-9',
30 silly addNameRange     '0.9.6-10',
30 silly addNameRange     '0.9.6-11',
30 silly addNameRange     '0.9.6-12',
30 silly addNameRange     '0.9.6-13',
30 silly addNameRange     '0.9.6-14',
30 silly addNameRange     '0.9.6-15',
30 silly addNameRange     '0.9.6-16',
30 silly addNameRange     '0.9.6-17',
30 silly addNameRange     '0.9.6-18',
30 silly addNameRange     '0.9.6-19',
30 silly addNameRange     '0.9.6-20',
30 silly addNameRange     '0.9.6-21',
30 silly addNameRange     '0.9.6-22',
30 silly addNameRange     '0.9.6-23',
30 silly addNameRange     '0.9.7',
30 silly addNameRange     '0.9.7-0',
30 silly addNameRange     '0.9.7-1',
30 silly addNameRange     '0.9.7-1.1',
30 silly addNameRange     '0.9.7-1.2',
30 silly addNameRange     '0.9.7-1.3',
30 silly addNameRange     '0.9.7-1.4',
30 silly addNameRange     '0.9.7-2',
30 silly addNameRange     '0.9.7-2-1',
30 silly addNameRange     '0.9.7-2-2',
30 silly addNameRange     '0.9.7-2-3',
30 silly addNameRange     '0.9.7-2-4',
30 silly addNameRange     '0.9.7-2-5',
30 silly addNameRange     '0.9.7-3',
30 silly addNameRange     '0.9.7-3-1',
30 silly addNameRange     '0.9.7-3-2',
30 silly addNameRange     '0.9.7-3-3',
30 silly addNameRange     '0.9.7-3-4',
30 silly addNameRange     '0.9.7-3-5',
30 silly addNameRange     '0.9.8',
30 silly addNameRange     '0.9.8-1',
30 silly addNameRange     '0.9.8-2',
30 silly addNameRange     '0.9.8-3',
30 silly addNameRange     '0.9.8-4',
30 silly addNameRange     '0.9.8-5',
30 silly addNameRange     '0.9.8-6',
30 silly addNameRange     '0.9.8-7',
30 silly addNameRange     '0.9.9',
30 silly addNameRange     '0.9.9-1',
30 silly addNameRange     '0.9.9-2',
30 silly addNameRange     '0.9.9-3',
30 silly addNameRange     '0.9.9-4',
30 silly addNameRange     '0.9.9-5',
30 silly addNameRange     '0.9.9-6',
30 silly addNameRange     '0.9.9-7',
30 silly addNameRange     '0.9.9-8',
30 silly addNameRange     '1.0.0',
30 silly addNameRange     '1.0.1',
30 silly addNameRange     '1.0.2',
30 silly addNameRange     '1.1.0-beta',
30 silly addNameRange     '1.1.0',
30 silly addNameRange     '1.1.1',
30 silly addNameRange     '1.1.2',
30 silly addNameRange     '1.1.3',
30 silly addNameRange     '1.1.4',
30 silly addNameRange     '1.1.5',
30 silly addNameRange     '1.1.6',
30 silly addNameRange     '1.1.7',
30 silly addNameRange     '1.1.8',
30 silly addNameRange     '1.1.9',
30 silly addNameRange     '1.1.10',
30 silly addNameRange     '1.1.11',
30 silly addNameRange     '1.2.0',
30 silly addNameRange     '1.2.1',
30 silly addNameRange     '1.2.2',
30 silly addNameRange     '1.2.3',
30 silly addNameRange     '1.2.4',
30 silly addNameRange     '1.2.5',
30 silly addNameRange     '1.2.6',
30 silly addNameRange     '1.2.7',
30 silly addNameRange     '1.2.8',
30 silly addNameRange     '1.2.9',
30 silly addNameRange     '1.2.10',
30 silly addNameRange     '1.2.11',
30 silly addNameRange     '1.2.12',
30 silly addNameRange     '1.2.13',
30 silly addNameRange     '1.2.14',
30 silly addNameRange     '1.3.0',
30 silly addNameRange     '1.3.1',
30 silly addNameRange     '1.3.2',
30 silly addNameRange     '1.3.3',
30 silly addNameRange     '1.3.4',
30 silly addNameRange     '1.3.5',
30 silly addNameRange     '1.3.6',
30 silly addNameRange     '1.3.7',
30 silly addNameRange     '1.3.8',
30 silly addNameRange     '1.3.9',
30 silly addNameRange     '1.3.10',
30 silly addNameRange     '1.3.11',
30 silly addNameRange     '1.3.12',
30 silly addNameRange     '1.3.14',
30 silly addNameRange     '1.3.15',
30 silly addNameRange     '1.3.17',
30 silly addNameRange     '1.3.18',
30 silly addNameRange     '1.3.19',
30 silly addNameRange     '1.4.0-rc2',
30 silly addNameRange     '1.3.20',
30 silly addNameRange     '1.4.0-rc3',
30 silly addNameRange     '1.3.21',
30 silly addNameRange     '1.3.22',
30 silly addNameRange     '1.3.23',
30 silly addNameRange     '1.4.0-rc4',
30 silly addNameRange     '1.4.0-rc5',
30 silly addNameRange     '1.4.0-rc6',
30 silly addNameRange     '1.4.0-rc7',
30 silly addNameRange     '1.4.0-rc8',
30 silly addNameRange     '1.4.0-rc9',
30 silly addNameRange     '1.4.0-rc10',
30 silly addNameRange     '1.4.0',
30 silly addNameRange     '1.4.1',
30 silly addNameRange     '1.4.2',
30 silly addNameRange     '1.4.3',
30 silly addNameRange     '1.4.4',
30 silly addNameRange     '1.4.5',
30 silly addNameRange     '1.4.6',
30 silly addNameRange     '1.4.7',
30 silly addNameRange     '1.4.8',
30 silly addNameRange     '1.4.9',
30 silly addNameRange     '1.4.10',
30 silly addNameRange     '2.0.0-alpha1',
30 silly addNameRange     '1.4.11',
30 silly addNameRange     '1.4.12',
30 silly addNameRange     '1.4.14',
30 silly addNameRange     '1.4.15',
30 silly addNameRange     '1.4.16',
30 silly addNameRange     '1.4.17',
30 silly addNameRange     '2.0.0-alpha2',
30 silly addNameRange     '1.4.18',
30 silly addNameRange     '2.0.0',
30 silly addNameRange     '2.0.1',
30 silly addNameRange     '2.0.2',
30 silly addNameRange     '1.4.19',
30 silly addNameRange     '2.0.3',
30 silly addNameRange     '2.0.4',
30 silly addNameRange     '2.0.5',
30 silly addNameRange     '2.0.6',
30 silly addNameRange     '1.4.20',
30 silly addNameRange     '1.4.22',
30 silly addNameRange     '2.0.7',
30 silly addNameRange     '2.0.8',
30 silly addNameRange     '2.0.9',
30 silly addNameRange     '1.4.23',
30 silly addNameRange     '2.0.10',
30 silly addNameRange     '1.4.24',
30 silly addNameRange     '2.0.11',
30 silly addNameRange     '1.4.25',
30 silly addNameRange     '2.0.12',
30 silly addNameRange     '1.4.26',
30 silly addNameRange     '1.4.27',
30 silly addNameRange     '1.4.28',
30 silly addNameRange     '2.0.13',
30 silly addNameRange     '2.0.14',
30 silly addNameRange     '1.4.29',
30 silly addNameRange     '2.0.15',
30 silly addNameRange     '1.4.30',
30 silly addNameRange     '2.0.16',
30 silly addNameRange     '1.4.31',
30 silly addNameRange     '2.0.17',
30 silly addNameRange     '1.4.32',
30 silly addNameRange     '2.0.18',
30 silly addNameRange     '2.0.19',
30 silly addNameRange     '1.4.33',
30 silly addNameRange     '2.0.20',
30 silly addNameRange     '2.0.21',
30 silly addNameRange     '1.4.34',
30 silly addNameRange     '2.0.22',
30 silly addNameRange     '2.0.23',
30 silly addNameRange     '1.4.35' ] ]
31 verbose addNamed [ 'mongodb', '1.4.35' ]
32 verbose addNamed [ '1.4.35', '1.4.35' ]
33 silly lockFile c09eb756-mongodb-1-4-35 mongodb@1.4.35
34 verbose lock mongodb@1.4.35 /Users/chadsfather/.npm/c09eb756-mongodb-1-4-35.lock
35 silly lockFile 1d85e600-s-org-mongodb-mongodb-1-4-35-tgz https://registry.npmjs.org/mongodb/-/mongodb-1.4.35.tgz
36 verbose lock https://registry.npmjs.org/mongodb/-/mongodb-1.4.35.tgz /Users/chadsfather/.npm/1d85e600-s-org-mongodb-mongodb-1-4-35-tgz.lock
37 verbose addRemoteTarball [ 'https://registry.npmjs.org/mongodb/-/mongodb-1.4.35.tgz',
37 verbose addRemoteTarball   'b5d57ee071d058f385db68e85bedb526c1caba43' ]
38 info retry fetch attempt 1 at 22:24:55
39 info attempt registry request try #1 at 22:24:55
40 http fetch GET https://registry.npmjs.org/mongodb/-/mongodb-1.4.35.tgz
41 http fetch 200 https://registry.npmjs.org/mongodb/-/mongodb-1.4.35.tgz
42 silly fetchAndShaCheck shasum b5d57ee071d058f385db68e85bedb526c1caba43
43 silly lockFile 1d85e600-s-org-mongodb-mongodb-1-4-35-tgz https://registry.npmjs.org/mongodb/-/mongodb-1.4.35.tgz
44 silly lockFile 1d85e600-s-org-mongodb-mongodb-1-4-35-tgz https://registry.npmjs.org/mongodb/-/mongodb-1.4.35.tgz
45 silly lockFile c09eb756-mongodb-1-4-35 mongodb@1.4.35
46 silly lockFile c09eb756-mongodb-1-4-35 mongodb@1.4.35
47 silly lockFile 842f93d5-mongodb mongodb@*
48 silly lockFile 842f93d5-mongodb mongodb@*
49 verbose stack Error: EACCES, mkdir '/Users/chadsfather/.npm/mongodb/1.4.35'
50 verbose cwd /Users/chadsfather/Desktop/Desktop Groups/Escritorio/proyectos_web/mongoDBUniversity/hw1-2
51 error Darwin 14.1.0
52 error argv "node" "/usr/local/bin/npm" "install" "mongodb"
53 error node v0.10.32
54 error npm  v2.0.2
55 error path /Users/chadsfather/.npm/mongodb/1.4.35
56 error code EACCES
57 error errno 3
58 error Error: EACCES, mkdir '/Users/chadsfather/.npm/mongodb/1.4.35'
58 error  { [Error: EACCES, mkdir '/Users/chadsfather/.npm/mongodb/1.4.35']
58 error   errno: 3,
58 error   code: 'EACCES',
58 error   path: '/Users/chadsfather/.npm/mongodb/1.4.35' }
59 error Please try running this command again as root/Administrator.
60 verbose exit [ 3, true ]
