2015-04-26T16:28:38.032+0200 E NETWORK  [initandlisten] listen(): bind() failed errno:48 Address already in use for socket: 0.0.0.0:27017
2015-04-26T16:28:38.080+0200 E NETWORK  [initandlisten]   addr already in use
2015-04-26T16:28:38.149+0200 I JOURNAL  [initandlisten] journal dir=/data/rs1/journal
2015-04-26T16:28:38.150+0200 I JOURNAL  [initandlisten] recover : no journal files present, no recovery needed
2015-04-26T16:28:38.182+0200 I JOURNAL  [durability] Durability thread started
2015-04-26T16:28:38.183+0200 I JOURNAL  [journal writer] Journal writer thread started
2015-04-26T16:28:38.251+0200 I CONTROL  [initandlisten] MongoDB starting : pid=14118 port=27017 dbpath=/data/rs1 64-bit host=MacBook-Pro-de-Santiago.local
2015-04-26T16:28:38.251+0200 I CONTROL  [initandlisten] 
2015-04-26T16:28:38.252+0200 I CONTROL  [initandlisten] ** WARNING: soft rlimits too low. Number of files is 256, should be at least 1000
2015-04-26T16:28:38.252+0200 I CONTROL  [initandlisten] db version v3.0.2
2015-04-26T16:28:38.253+0200 I CONTROL  [initandlisten] git version: nogitversion
2015-04-26T16:28:38.253+0200 I CONTROL  [initandlisten] build info: Darwin yosemitevm.local 14.3.0 Darwin Kernel Version 14.3.0: Mon Mar 23 11:59:05 PDT 2015; root:xnu-2782.20.48~5/RELEASE_X86_64 x86_64 BOOST_LIB_VERSION=1_49
2015-04-26T16:28:38.253+0200 I CONTROL  [initandlisten] allocator: system
2015-04-26T16:28:38.253+0200 I CONTROL  [initandlisten] options: { net: { port: 27017 }, processManagement: { fork: true }, replication: { oplogSizeMB: 64, replSet: "m101" }, storage: { dbPath: "/data/rs1", mmapv1: { smallFiles: true } }, systemLog: { destination: "file", path: "1.log" } }
2015-04-26T16:28:38.416+0200 I INDEX    [initandlisten] allocating new ns file /data/rs1/local.ns, filling with zeroes...
2015-04-26T16:28:39.292+0200 I STORAGE  [FileAllocator] allocating new datafile /data/rs1/local.0, filling with zeroes...
2015-04-26T16:28:39.293+0200 I STORAGE  [FileAllocator] creating directory /data/rs1/_tmp
2015-04-26T16:28:39.649+0200 I STORAGE  [FileAllocator] done allocating datafile /data/rs1/local.0, size: 16MB,  took 0.356 secs
2015-04-26T16:28:40.098+0200 I REPL     [initandlisten] Did not find local replica set configuration document at startup;  NoMatchingDocument Did not find replica set configuration document in local.system.replset
2015-04-26T16:28:40.121+0200 I CONTROL  [initandlisten] now exiting
2015-04-26T16:28:40.122+0200 I NETWORK  [initandlisten] shutdown: going to close listening sockets...
2015-04-26T16:28:40.122+0200 I NETWORK  [initandlisten] shutdown: going to flush diaglog...
2015-04-26T16:28:40.123+0200 I NETWORK  [initandlisten] shutdown: going to close sockets...
2015-04-26T16:28:40.123+0200 I STORAGE  [initandlisten] shutdown: waiting for fs preallocator...
2015-04-26T16:28:40.123+0200 I STORAGE  [initandlisten] shutdown: final commit...
2015-04-26T16:28:40.170+0200 I JOURNAL  [initandlisten] journalCleanup...
2015-04-26T16:28:40.170+0200 I JOURNAL  [initandlisten] removeJournalFiles
2015-04-26T16:28:40.171+0200 I JOURNAL  [initandlisten] Terminating durability thread ...
2015-04-26T16:28:40.233+0200 I JOURNAL  [journal writer] Journal writer thread stopped
2015-04-26T16:28:40.233+0200 I JOURNAL  [durability] Durability thread stopped
2015-04-26T16:28:40.234+0200 I STORAGE  [initandlisten] shutdown: closing all files...
2015-04-26T16:28:40.235+0200 I STORAGE  [initandlisten] closeAllFiles() finished
2015-04-26T16:28:40.235+0200 I STORAGE  [initandlisten] shutdown: removing fs lock...
2015-04-26T16:28:40.235+0200 I CONTROL  [initandlisten] dbexit:  rc: 48
