0 info it worked if it ends with ok
1 verbose cli [ 'node', '/usr/local/bin/npm', 'install' ]
2 info using npm@2.0.2
3 info using node@v0.10.32
4 verbose node symlink /usr/local/bin/node
5 warn package.json hw2-2@1.0.0 No description
6 warn package.json hw2-2@1.0.0 No repository field.
7 warn package.json hw2-2@1.0.0 No README data
8 verbose readDependencies using package.json deps
9 verbose install where, deps [ '/Users/chadsfather/Desktop/Desktop Groups/Escritorio/proyectos_web/mongoDBUniversity/hw3-1',
9 verbose install   [ 'underscore', 'q' ] ]
10 info preinstall hw2-2@1.0.0
11 verbose readDependencies using package.json deps
12 verbose cache add [ 'q@*', null ]
13 verbose cache add spec="q@*" args=["q@*",null]
14 verbose parsed spec { raw: 'q@*',
14 verbose parsed spec   scope: null,
14 verbose parsed spec   name: 'q',
14 verbose parsed spec   rawSpec: '*',
14 verbose parsed spec   spec: '*',
14 verbose parsed spec   type: 'range' }
15 verbose cache add [ 'underscore@*', null ]
16 verbose cache add spec="underscore@*" args=["underscore@*",null]
17 verbose parsed spec { raw: 'underscore@*',
17 verbose parsed spec   scope: null,
17 verbose parsed spec   name: 'underscore',
17 verbose parsed spec   rawSpec: '*',
17 verbose parsed spec   spec: '*',
17 verbose parsed spec   type: 'range' }
18 verbose parsed spec { raw: 'q@*',
18 verbose parsed spec   scope: null,
18 verbose parsed spec   name: 'q',
18 verbose parsed spec   rawSpec: '*',
18 verbose parsed spec   spec: '*',
18 verbose parsed spec   type: 'range' }
19 verbose addNamed [ 'q', '*' ]
20 verbose addNamed [ null, '*' ]
21 verbose parsed spec { raw: 'underscore@*',
21 verbose parsed spec   scope: null,
21 verbose parsed spec   name: 'underscore',
21 verbose parsed spec   rawSpec: '*',
21 verbose parsed spec   spec: '*',
21 verbose parsed spec   type: 'range' }
22 verbose addNamed [ 'underscore', '*' ]
23 verbose addNamed [ null, '*' ]
24 silly lockFile 18bab862-q q@*
25 verbose lock q@* /Users/chadsfather/.npm/18bab862-q.lock
26 silly lockFile 67e8a6a2-underscore underscore@*
27 verbose lock underscore@* /Users/chadsfather/.npm/67e8a6a2-underscore.lock
28 silly addNameRange { name: 'underscore', range: '*', hasData: false }
29 verbose mapToRegistry name underscore
30 verbose mapToRegistry uri https://registry.npmjs.org/underscore
31 silly addNameRange { name: 'q', range: '*', hasData: false }
32 verbose mapToRegistry name q
33 verbose mapToRegistry uri https://registry.npmjs.org/q
34 verbose request on initialization, where is /underscore
35 verbose request after pass 1, where is /underscore
36 verbose request url raw /underscore
37 verbose request resolving registry [ 'https://registry.npmjs.org/', './underscore' ]
38 verbose request after pass 2, where is https://registry.npmjs.org/underscore
39 verbose request no auth needed
40 info attempt registry request try #1 at 15:41:32
41 verbose request id 56981e0d17d2bf68
42 verbose etag "B5SXQWQV0THW3FJ7GWR1G1D2"
43 http request GET https://registry.npmjs.org/underscore
44 verbose request on initialization, where is /q
45 verbose request after pass 1, where is /q
46 verbose request url raw /q
47 verbose request resolving registry [ 'https://registry.npmjs.org/', './q' ]
48 verbose request after pass 2, where is https://registry.npmjs.org/q
49 verbose request no auth needed
50 info attempt registry request try #1 at 15:41:32
51 verbose etag "ETQDUQ1QH450848DUSL7BY14Y"
52 http request GET https://registry.npmjs.org/q
53 http 200 https://registry.npmjs.org/underscore
54 silly registry.get cb [ 200,
54 silly registry.get   { date: 'Sat, 04 Apr 2015 13:41:32 GMT',
54 silly registry.get     server: 'CouchDB/1.5.0 (Erlang OTP/R16B03)',
54 silly registry.get     etag: '"3VIG6P03O33HP7UVJ0RFVX56"',
54 silly registry.get     'content-type': 'application/json',
54 silly registry.get     'cache-control': 'max-age=60',
54 silly registry.get     'content-length': '40348',
54 silly registry.get     'accept-ranges': 'bytes',
54 silly registry.get     via: '1.1 varnish',
54 silly registry.get     age: '33',
54 silly registry.get     'x-served-by': 'cache-ams4128-AMS',
54 silly registry.get     'x-cache': 'HIT',
54 silly registry.get     'x-cache-hits': '1',
54 silly registry.get     'x-timer': 'S1428154892.584578,VS0,VE0',
54 silly registry.get     vary: 'Accept',
54 silly registry.get     'keep-alive': 'timeout=10, max=50',
54 silly registry.get     connection: 'Keep-Alive' } ]
55 silly addNameRange number 2 { name: 'underscore', range: '*', hasData: true }
56 silly addNameRange versions [ 'underscore',
56 silly addNameRange   [ '1.0.3',
56 silly addNameRange     '1.0.4',
56 silly addNameRange     '1.1.0',
56 silly addNameRange     '1.1.1',
56 silly addNameRange     '1.1.2',
56 silly addNameRange     '1.1.3',
56 silly addNameRange     '1.1.4',
56 silly addNameRange     '1.1.5',
56 silly addNameRange     '1.1.6',
56 silly addNameRange     '1.1.7',
56 silly addNameRange     '1.2.0',
56 silly addNameRange     '1.2.1',
56 silly addNameRange     '1.2.2',
56 silly addNameRange     '1.2.3',
56 silly addNameRange     '1.2.4',
56 silly addNameRange     '1.3.0',
56 silly addNameRange     '1.3.1',
56 silly addNameRange     '1.3.2',
56 silly addNameRange     '1.3.3',
56 silly addNameRange     '1.4.0',
56 silly addNameRange     '1.4.1',
56 silly addNameRange     '1.4.2',
56 silly addNameRange     '1.4.3',
56 silly addNameRange     '1.4.4',
56 silly addNameRange     '1.5.0',
56 silly addNameRange     '1.5.1',
56 silly addNameRange     '1.5.2',
56 silly addNameRange     '1.6.0',
56 silly addNameRange     '1.7.0',
56 silly addNameRange     '1.8.0',
56 silly addNameRange     '1.8.1',
56 silly addNameRange     '1.8.2',
56 silly addNameRange     '1.8.3' ] ]
57 verbose addNamed [ 'underscore', '1.8.3' ]
58 verbose addNamed [ '1.8.3', '1.8.3' ]
59 silly lockFile e5e32fca-underscore-1-8-3 underscore@1.8.3
60 verbose lock underscore@1.8.3 /Users/chadsfather/.npm/e5e32fca-underscore-1-8-3.lock
61 silly lockFile d5ea30aa--underscore-underscore-1-8-3-tgz https://registry.npmjs.org/underscore/-/underscore-1.8.3.tgz
62 verbose lock https://registry.npmjs.org/underscore/-/underscore-1.8.3.tgz /Users/chadsfather/.npm/d5ea30aa--underscore-underscore-1-8-3-tgz.lock
63 http 200 https://registry.npmjs.org/q
64 silly registry.get cb [ 200,
64 silly registry.get   { date: 'Sat, 04 Apr 2015 13:41:32 GMT',
64 silly registry.get     server: 'CouchDB/1.5.0 (Erlang OTP/R16B03)',
64 silly registry.get     etag: '"EX1UG4A1DI8A1N1IU1W3W4TR6"',
64 silly registry.get     'content-type': 'application/json',
64 silly registry.get     'cache-control': 'max-age=60',
64 silly registry.get     'content-length': '133184',
64 silly registry.get     'accept-ranges': 'bytes',
64 silly registry.get     via: '1.1 varnish',
64 silly registry.get     age: '5',
64 silly registry.get     'x-served-by': 'cache-ams4133-AMS',
64 silly registry.get     'x-cache': 'HIT',
64 silly registry.get     'x-cache-hits': '1',
64 silly registry.get     'x-timer': 'S1428154892.583189,VS0,VE0',
64 silly registry.get     vary: 'Accept',
64 silly registry.get     'keep-alive': 'timeout=10, max=50',
64 silly registry.get     connection: 'Keep-Alive' } ]
65 verbose addRemoteTarball [ 'https://registry.npmjs.org/underscore/-/underscore-1.8.3.tgz',
65 verbose addRemoteTarball   '4f3fb53b106e6097fcf9cb4109f2a5e9bdfa5022' ]
66 silly addNameRange number 2 { name: 'q', range: '*', hasData: true }
67 silly addNameRange versions [ 'q',
67 silly addNameRange   [ '0.0.0',
67 silly addNameRange     '0.0.1',
67 silly addNameRange     '0.0.2',
67 silly addNameRange     '0.0.3',
67 silly addNameRange     '0.1.0',
67 silly addNameRange     '0.1.1',
67 silly addNameRange     '0.1.2',
67 silly addNameRange     '0.1.3',
67 silly addNameRange     '0.1.4',
67 silly addNameRange     '0.1.5',
67 silly addNameRange     '0.1.6',
67 silly addNameRange     '0.1.7',
67 silly addNameRange     '0.1.8',
67 silly addNameRange     '0.1.9',
67 silly addNameRange     '0.2.0-rc1',
67 silly addNameRange     '0.2.0',
67 silly addNameRange     '0.2.1',
67 silly addNameRange     '0.2.2',
67 silly addNameRange     '0.2.3',
67 silly addNameRange     '0.2.4',
67 silly addNameRange     '0.2.5',
67 silly addNameRange     '0.2.6',
67 silly addNameRange     '0.2.7',
67 silly addNameRange     '0.2.8',
67 silly addNameRange     '0.2.9',
67 silly addNameRange     '0.3.0',
67 silly addNameRange     '0.2.10',
67 silly addNameRange     '0.4.0',
67 silly addNameRange     '0.4.1',
67 silly addNameRange     '0.4.2',
67 silly addNameRange     '0.4.4',
67 silly addNameRange     '0.5.0',
67 silly addNameRange     '0.5.1',
67 silly addNameRange     '0.5.2',
67 silly addNameRange     '0.5.3',
67 silly addNameRange     '0.6.0',
67 silly addNameRange     '0.7.0',
67 silly addNameRange     '0.7.1',
67 silly addNameRange     '0.7.2',
67 silly addNameRange     '0.8.0',
67 silly addNameRange     '0.8.1',
67 silly addNameRange     '0.8.2',
67 silly addNameRange     '0.8.3',
67 silly addNameRange     '0.8.4',
67 silly addNameRange     '0.8.5',
67 silly addNameRange     '0.8.6',
67 silly addNameRange     '0.8.7',
67 silly addNameRange     '0.8.8',
67 silly addNameRange     '0.8.9',
67 silly addNameRange     '0.8.10',
67 silly addNameRange     '0.8.11',
67 silly addNameRange     '0.8.12',
67 silly addNameRange     '0.9.0',
67 silly addNameRange     '0.9.1',
67 silly addNameRange     '0.9.2',
67 silly addNameRange     '0.9.3',
67 silly addNameRange     '0.9.4',
67 silly addNameRange     '0.9.5',
67 silly addNameRange     '0.9.6',
67 silly addNameRange     '0.9.7',
67 silly addNameRange     '1.0.0',
67 silly addNameRange     '1.0.1',
67 silly addNameRange     '2.0.0',
67 silly addNameRange     '2.0.1',
67 silly addNameRange     '2.0.2',
67 silly addNameRange     '1.1.0',
67 silly addNameRange     '1.1.1',
67 silly addNameRange     '1.1.2',
67 silly addNameRange     '2.0.3',
67 silly addNameRange     '1.2.0' ] ]
68 verbose addNamed [ 'q', '1.2.0' ]
69 verbose addNamed [ '1.2.0', '1.2.0' ]
70 silly lockFile 0069ac1d-q-1-2-0 q@1.2.0
71 verbose lock q@1.2.0 /Users/chadsfather/.npm/0069ac1d-q-1-2-0.lock
72 info retry fetch attempt 1 at 15:41:32
73 info attempt registry request try #1 at 15:41:32
74 http fetch GET https://registry.npmjs.org/underscore/-/underscore-1.8.3.tgz
75 silly lockFile 0069ac1d-q-1-2-0 q@1.2.0
76 silly lockFile 0069ac1d-q-1-2-0 q@1.2.0
77 silly lockFile 18bab862-q q@*
78 silly lockFile 18bab862-q q@*
79 http fetch 200 https://registry.npmjs.org/underscore/-/underscore-1.8.3.tgz
80 silly fetchAndShaCheck shasum 4f3fb53b106e6097fcf9cb4109f2a5e9bdfa5022
81 silly lockFile d5ea30aa--underscore-underscore-1-8-3-tgz https://registry.npmjs.org/underscore/-/underscore-1.8.3.tgz
82 silly lockFile d5ea30aa--underscore-underscore-1-8-3-tgz https://registry.npmjs.org/underscore/-/underscore-1.8.3.tgz
83 silly lockFile e5e32fca-underscore-1-8-3 underscore@1.8.3
84 silly lockFile e5e32fca-underscore-1-8-3 underscore@1.8.3
85 silly lockFile 67e8a6a2-underscore underscore@*
86 silly lockFile 67e8a6a2-underscore underscore@*
87 verbose stack Error: EACCES, mkdir '/Users/chadsfather/.npm/underscore/1.8.3'
88 verbose cwd /Users/chadsfather/Desktop/Desktop Groups/Escritorio/proyectos_web/mongoDBUniversity/hw3-1
89 error Darwin 14.1.0
90 error argv "node" "/usr/local/bin/npm" "install"
91 error node v0.10.32
92 error npm  v2.0.2
93 error path /Users/chadsfather/.npm/underscore/1.8.3
94 error code EACCES
95 error errno 3
96 error Error: EACCES, mkdir '/Users/chadsfather/.npm/underscore/1.8.3'
96 error  { [Error: EACCES, mkdir '/Users/chadsfather/.npm/underscore/1.8.3']
96 error   errno: 3,
96 error   code: 'EACCES',
96 error   path: '/Users/chadsfather/.npm/underscore/1.8.3',
96 error   parent: 'hw2-2' }
97 error Please try running this command again as root/Administrator.
98 verbose exit [ 3, true ]
